-------------------------------------------------------------------------------
Test set: com.bbc.radio.functional.test.RunBBCRadioFunctionalTest
-------------------------------------------------------------------------------
Tests run: 39, Failures: 4, Errors: 0, Skipped: 0, Time elapsed: 140.903 sec <<< FAILURE! - in com.bbc.radio.functional.test.RunBBCRadioFunctionalTest
Then the Categories drawer is open and the other drawers are closed(| Categories |)  Time elapsed: 0.009 sec  <<< FAILURE!
java.lang.AssertionError

| Categories |  Time elapsed: 0.009 sec  <<< FAILURE!
java.lang.AssertionError

Then the Schedules drawer is open and the other drawers are closed(| Schedules |)  Time elapsed: 0 sec  <<< FAILURE!
java.lang.AssertionError

| Schedules |  Time elapsed: 0 sec  <<< FAILURE!
java.lang.AssertionError

