<?xml version="1.0" encoding="UTF-8"?>
<testsuite xmlns:xsi="http://www.w3.org/2001/XMLSchema-instance" xsi:schemaLocation="https://maven.apache.org/surefire/maven-surefire-plugin/xsd/surefire-test-report.xsd" name="com.bbc.radio.functional.test.RunBBCRadioFunctionalTest" time="140.903" tests="39" errors="0" skipped="0" failures="4">
  <properties>
[...]
</properties>
  <testcase name="Given I can see the radio nav" classname="| Stations |" time="0.002"/>
  <testcase name="Given I can see the radio nav" classname="| Stations |" time="0"/>
  <testcase name="When I select Stations in the radio nav" classname="| Stations |" time="0"/>
  <testcase name="When I select Stations in the radio nav" classname="| Stations |" time="0"/>
  <testcase name="Then the Stations drawer is open" classname="| Stations |" time="0"/>
  <testcase name="When I select Stations in the radio nav again" classname="| Stations |" time="0"/>
  <testcase name="Then the Stations drawer is closed" classname="| Stations |" time="0"/>
  <testcase name="| Stations |" classname="| Stations |" time="0.001"/>
  <testcase name="| Stations |" classname="| Stations |" time="0"/>
  <testcase name="Given I can see the radio nav" classname="| Categories |" time="0"/>
  <testcase name="Given I can see the radio nav" classname="| Categories |" time="0"/>
  <testcase name="When I select Categories in the radio nav" classname="| Categories |" time="0"/>
  <testcase name="When I select Categories in the radio nav" classname="| Categories |" time="0"/>
  <testcase name="Then the Categories drawer is open" classname="| Categories |" time="0"/>
  <testcase name="When I select Categories in the radio nav again" classname="| Categories |" time="0"/>
  <testcase name="Then the Categories drawer is closed" classname="| Categories |" time="0"/>
  <testcase name="| Categories |" classname="| Categories |" time="0"/>
  <testcase name="| Categories |" classname="| Categories |" time="0.009">
    <failure type="java.lang.AssertionError">java.lang.AssertionError
</failure>
  </testcase>
  <testcase name="Given I can see the radio nav" classname="| Schedules |" time="0"/>
  <testcase name="Given I can see the radio nav" classname="| Schedules |" time="0"/>
  <testcase name="When I select Schedules in the radio nav" classname="| Schedules |" time="0"/>
  <testcase name="When I select Schedules in the radio nav" classname="| Schedules |" time="0"/>
  <testcase name="Then the Schedules drawer is open" classname="| Schedules |" time="0"/>
  <testcase name="When I select Schedules in the radio nav again" classname="| Schedules |" time="0"/>
  <testcase name="Then the Schedules drawer is closed" classname="| Schedules |" time="0"/>
  <testcase name="| Schedules |" classname="| Schedules |" time="0"/>
  <testcase name="| Schedules |" classname="| Schedules |" time="0">
    <failure type="java.lang.AssertionError">java.lang.AssertionError
</failure>
  </testcase>
  <testcase name="Then the Stations drawer is open and the other drawers are closed" classname="| Stations |" time="0"/>
  <testcase name="Then the Categories drawer is open and the other drawers are closed" classname="| Categories |" time="0.009">
    <failure type="java.lang.AssertionError">java.lang.AssertionError
</failure>
    <system-out><![CDATA[Section Station is open
]]></system-out>
  </testcase>
  <testcase name="Then the Schedules drawer is open and the other drawers are closed" classname="| Schedules |" time="0">
    <failure type="java.lang.AssertionError">java.lang.AssertionError
</failure>
    <system-out><![CDATA[Section Station is open
]]></system-out>
  </testcase>
  <testcase name="Given I can see the radio nav" classname="Scenario: Selecting categories displays categories links" time="0"/>
  <testcase name="When I select Categories in the radio nav" classname="Scenario: Selecting categories displays categories links" time="0"/>
  <testcase name="Then I can see the following categories" classname="Scenario: Selecting categories displays categories links" time="0"/>
  <testcase name="Scenario: Selecting categories displays categories links" classname="Scenario: Selecting categories displays categories links" time="0"/>
  <testcase name="Given I can see the radio nav" classname="Scenario: Selecting all categories navigates to all categories page" time="0"/>
  <testcase name="When I select Categories in the radio nav" classname="Scenario: Selecting all categories navigates to all categories page" time="0"/>
  <testcase name="And I select the all categories link" classname="Scenario: Selecting all categories navigates to all categories page" time="0"/>
  <testcase name="Then I am on the all categories page" classname="Scenario: Selecting all categories navigates to all categories page" time="0"/>
  <testcase name="Scenario: Selecting all categories navigates to all categories page" classname="Scenario: Selecting all categories navigates to all categories page" time="0"/>
</testsuite>